This is pdfTeX, Version 3.14159-1.10b (Web2C 7.4.5) (format=pdflatex 2006.1.9)  30 DEC 2008 10:41
**nonpar.tex
(./nonpar.tex{/usr/share/texmf/pdftex/config/pdftex.cfg}
LaTeX2e <2001/06/01>
Babel <v3.7h> and hyphenation patterns for american, french, german, ngerman, n
ohyphenation, loaded.
(./IEEEtran.cls
Document Class: IEEEtran 2007/01/11 V1.7 by Michael Shell
-- See the "IEEEtran_HOWTO" manual for usage information.
-- http://www.michaelshell.org/tex/ieeetran/
\@IEEEtrantmpdimenA=\dimen102
\@IEEEtrantmpdimenB=\dimen103
\@IEEEtrantmpcountA=\count79
\@IEEEtrantmpcountB=\count80
\@IEEEtrantmptoksA=\toks14
LaTeX Font Info:    Try loading font information for OT1+ptm on input line 368.

(/usr/share/texmf/tex/latex/psnfss/ot1ptm.fd
File: ot1ptm.fd 2001/06/04 font definitions for OT1/ptm.
)
-- Using 8.5in x 11in (letter) paper.
-- Using PDF output.
\@IEEEnormalsizeunitybaselineskip=\dimen104
-- This is a 10 point document.
\CLASSINFOnormalsizebaselineskip=\dimen105
\CLASSINFOnormalsizeunitybaselineskip=\dimen106
\IEEEnormaljot=\dimen107
LaTeX Font Info:    Font shape `OT1/ptm/bx/n' in size <5> not available
(Font)              Font shape `OT1/ptm/b/n' tried instead on input line 726.
LaTeX Font Info:    Font shape `OT1/ptm/bx/it' in size <5> not available
(Font)              Font shape `OT1/ptm/b/it' tried instead on input line 726.
LaTeX Font Info:    Font shape `OT1/ptm/bx/n' in size <7> not available
(Font)              Font shape `OT1/ptm/b/n' tried instead on input line 726.
LaTeX Font Info:    Font shape `OT1/ptm/bx/it' in size <7> not available
(Font)              Font shape `OT1/ptm/b/it' tried instead on input line 726.
LaTeX Font Info:    Font shape `OT1/ptm/bx/n' in size <8> not available
(Font)              Font shape `OT1/ptm/b/n' tried instead on input line 726.
LaTeX Font Info:    Font shape `OT1/ptm/bx/it' in size <8> not available
(Font)              Font shape `OT1/ptm/b/it' tried instead on input line 726.
LaTeX Font Info:    Font shape `OT1/ptm/bx/n' in size <9> not available
(Font)              Font shape `OT1/ptm/b/n' tried instead on input line 726.
LaTeX Font Info:    Font shape `OT1/ptm/bx/it' in size <9> not available
(Font)              Font shape `OT1/ptm/b/it' tried instead on input line 726.
LaTeX Font Info:    Font shape `OT1/ptm/bx/n' in size <10> not available
(Font)              Font shape `OT1/ptm/b/n' tried instead on input line 726.
LaTeX Font Info:    Font shape `OT1/ptm/bx/it' in size <10> not available
(Font)              Font shape `OT1/ptm/b/it' tried instead on input line 726.
LaTeX Font Info:    Font shape `OT1/ptm/bx/n' in size <11> not available
(Font)              Font shape `OT1/ptm/b/n' tried instead on input line 726.
LaTeX Font Info:    Font shape `OT1/ptm/bx/it' in size <11> not available
(Font)              Font shape `OT1/ptm/b/it' tried instead on input line 726.
LaTeX Font Info:    Font shape `OT1/ptm/bx/n' in size <12> not available
(Font)              Font shape `OT1/ptm/b/n' tried instead on input line 726.
LaTeX Font Info:    Font shape `OT1/ptm/bx/it' in size <12> not available
(Font)              Font shape `OT1/ptm/b/it' tried instead on input line 726.
LaTeX Font Info:    Font shape `OT1/ptm/bx/n' in size <17> not available
(Font)              Font shape `OT1/ptm/b/n' tried instead on input line 726.
LaTeX Font Info:    Font shape `OT1/ptm/bx/it' in size <17> not available
(Font)              Font shape `OT1/ptm/b/it' tried instead on input line 726.
LaTeX Font Info:    Font shape `OT1/ptm/bx/n' in size <20> not available
(Font)              Font shape `OT1/ptm/b/n' tried instead on input line 726.
LaTeX Font Info:    Font shape `OT1/ptm/bx/it' in size <20> not available
(Font)              Font shape `OT1/ptm/b/it' tried instead on input line 726.
LaTeX Font Info:    Font shape `OT1/ptm/bx/n' in size <24> not available
(Font)              Font shape `OT1/ptm/b/n' tried instead on input line 726.
LaTeX Font Info:    Font shape `OT1/ptm/bx/it' in size <24> not available
(Font)              Font shape `OT1/ptm/b/it' tried instead on input line 726.
\IEEEilabelindentA=\dimen108
\IEEEilabelindentB=\dimen109
\IEEEilabelindent=\dimen110
\IEEEelabelindent=\dimen111
\IEEEdlabelindent=\dimen112
\IEEElabelindent=\dimen113
\IEEEiednormlabelsep=\dimen114
\IEEEiedmathlabelsep=\dimen115
\IEEEiedtopsep=\skip41
\c@section=\count81
\c@subsection=\count82
\c@subsubsection=\count83
\c@paragraph=\count84
\c@IEEEsubequation=\count85
\abovecaptionskip=\skip42
\belowcaptionskip=\skip43
\c@figure=\count86
\c@table=\count87
\@IEEEeqnnumcols=\count88
\@IEEEeqncolcnt=\count89
\@IEEEtmpitemindent=\dimen116
\c@IEEEbiography=\count90
\@IEEEtranrubishbin=\box26
) (/usr/share/texmf/tex/latex/cite/cite.sty
Package: cite 2001/10/14  v 3.9
)
(/usr/share/texmf/tex/latex/graphics/graphicx.sty
Package: graphicx 1999/02/16 v1.0f Enhanced LaTeX Graphics (DPC,SPQR)

(/usr/share/texmf/tex/latex/graphics/keyval.sty
Package: keyval 1999/03/16 v1.13 key=value parser (DPC)
\KV@toks@=\toks15
)
(/usr/share/texmf/tex/latex/graphics/graphics.sty
Package: graphics 2001/07/07 v1.0n Standard LaTeX Graphics (DPC,SPQR)

(/usr/share/texmf/tex/latex/graphics/trig.sty
Package: trig 1999/03/16 v1.09 sin cos tan (DPC)
)
(/usr/share/texmf/tex/latex/config/graphics.cfg
File: graphics.cfg 2001/08/31 v1.1 graphics configuration of teTeX/TeXLive
)
Package graphics Info: Driver file: pdftex.def on input line 80.

(/usr/share/texmf/tex/latex/graphics/pdftex.def
File: pdftex.def 2002/06/19 v0.03k graphics/color for pdftex
\Gread@gobject=\count91
))
\Gin@req@height=\dimen117
\Gin@req@width=\dimen118
)
(/usr/share/texmf/tex/latex/amsmath/amsmath.sty
Package: amsmath 2000/07/18 v2.13 AMS math features
\@mathmargin=\skip44

For additional information on amsmath, use the `?' option.
(/usr/share/texmf/tex/latex/amsmath/amstext.sty
Package: amstext 2000/06/29 v2.01

(/usr/share/texmf/tex/latex/amsmath/amsgen.sty
File: amsgen.sty 1999/11/30 v2.0
\@emptytoks=\toks16
\ex@=\dimen119
))
(/usr/share/texmf/tex/latex/amsmath/amsbsy.sty
Package: amsbsy 1999/11/29 v1.2d
\pmbraise@=\dimen120
)
(/usr/share/texmf/tex/latex/amsmath/amsopn.sty
Package: amsopn 1999/12/14 v2.01 operator names
)
\inf@bad=\count92
LaTeX Info: Redefining \frac on input line 211.
\uproot@=\count93
\leftroot@=\count94
LaTeX Info: Redefining \overline on input line 307.
\classnum@=\count95
\DOTSCASE@=\count96
LaTeX Info: Redefining \ldots on input line 379.
LaTeX Info: Redefining \dots on input line 382.
LaTeX Info: Redefining \cdots on input line 467.
\Mathstrutbox@=\box27
\strutbox@=\box28
\big@size=\dimen121
LaTeX Font Info:    Redeclaring font encoding OML on input line 567.
LaTeX Font Info:    Redeclaring font encoding OMS on input line 568.
\macc@depth=\count97
\c@MaxMatrixCols=\count98
\dotsspace@=\muskip10
\c@parentequation=\count99
\dspbrk@lvl=\count100
\tag@help=\toks17
\row@=\count101
\column@=\count102
\maxfields@=\count103
\andhelp@=\toks18
\eqnshift@=\dimen122
\alignsep@=\dimen123
\tagshift@=\dimen124
\tagwidth@=\dimen125
\totwidth@=\dimen126
\lineht@=\dimen127
\@envbody=\toks19
\multlinegap=\skip45
\multlinetaggap=\skip46
\mathdisplay@stack=\toks20
LaTeX Info: Redefining \[ on input line 2666.
LaTeX Info: Redefining \] on input line 2667.
)

! LaTeX Error: File `algorithm.sty' not found.

Type X to quit or <RETURN> to proceed,
or enter new name. (Default extension: sty)

Enter file name: 

! LaTeX Error: File `algorithmic.sty' not found.

Type X to quit or <RETURN> to proceed,
or enter new name. (Default extension: sty)

Enter file name: 
(/usr/share/texmf/tex/latex/misc/subfigure.sty
Package: subfigure 2002/07/30 v2.1.4 subfigure package
\subfigtopskip=\skip47
\subfigcapskip=\skip48
\subfigcaptopadj=\dimen128
\subfigbottomskip=\skip49
\subfigcapmargin=\dimen129
\subfiglabelskip=\skip50
\c@subfigure=\count104
\c@lofdepth=\count105
\c@subtable=\count106
\c@lotdepth=\count107
\subfig@top=\skip51
\subfig@bottom=\skip52
)
(/usr/share/texmf/tex/latex/html/url.sty
Package: url 1999/03/02  ver 1.4  Verb mode for urls, email addresses, and file
 names
)
(/usr/share/texmf/tex/latex/psnfss/times.sty
Package: times 2002/09/08 PSNFSS-v9.0a (SPQR) 
)
(/usr/share/texmf/tex/latex/amscls/amsthm.sty
Package: amsthm 2000/10/26 v2.08
\thm@style=\toks21
\thm@bodyfont=\toks22
\thm@headfont=\toks23
\thm@notefont=\toks24
\thm@headpunct=\toks25
\thm@preskip=\skip53
\thm@postskip=\skip54
\thm@headsep=\skip55
\dth@everypar=\toks26
)
(/usr/share/texmf/tex/latex/amsfonts/amssymb.sty
Package: amssymb 2002/01/22 v2.2d

(/usr/share/texmf/tex/latex/amsfonts/amsfonts.sty
Package: amsfonts 2001/10/25 v2.2f
LaTeX Font Info:    Try loading font information for OMX+cmex on input line 76.


(/usr/share/texmf/tex/latex/base/omxcmex.fd
File: omxcmex.fd 1999/05/25 v2.5h Standard LaTeX font definitions
)
\symAMSa=\mathgroup4
\symAMSb=\mathgroup5
LaTeX Font Info:    Overwriting math alphabet `\mathfrak' in version `bold'
(Font)                  U/euf/m/n --> U/euf/b/n on input line 132.
))

! LaTeX Error: \algorithmicrequire undefined.

See the LaTeX manual or LaTeX Companion for explanation.
Type  H <return>  for immediate help.
 ...                                              
                                                  
l.357 \renewcommand{\algorithmicrequire}
                                        {\textbf{Input:}}
? 

! LaTeX Error: \algorithmicensure undefined.

See the LaTeX manual or LaTeX Companion for explanation.
Type  H <return>  for immediate help.
 ...                                              
                                                  
l.358 \renewcommand{\algorithmicensure}
                                       {\textbf{Output:}}
? 

! LaTeX Error: \algorithmiccomment undefined.

See the LaTeX manual or LaTeX Companion for explanation.
Type  H <return>  for immediate help.
 ...                                              
                                                  
l.359 \renewcommand{\algorithmiccomment}
                                        [1]{  /* #1 */}
? 
No file nonpar.aux.
\openout1 = `nonpar.aux'.

LaTeX Font Info:    Checking defaults for OML/cmm/m/it on input line 361.
LaTeX Font Info:    ... okay on input line 361.
LaTeX Font Info:    Checking defaults for T1/cmr/m/n on input line 361.
LaTeX Font Info:    ... okay on input line 361.
LaTeX Font Info:    Checking defaults for OT1/cmr/m/n on input line 361.
LaTeX Font Info:    ... okay on input line 361.
LaTeX Font Info:    Checking defaults for OMS/cmsy/m/n on input line 361.
LaTeX Font Info:    ... okay on input line 361.
LaTeX Font Info:    Checking defaults for OMX/cmex/m/n on input line 361.
LaTeX Font Info:    ... okay on input line 361.
LaTeX Font Info:    Checking defaults for U/cmr/m/n on input line 361.
LaTeX Font Info:    ... okay on input line 361.
(/usr/share/texmf/tex/context/base/supp-pdf.tex
(/usr/share/texmf/tex/context/base/supp-mis.tex
loading : Context Support Macros / Missing
\protectiondepth=\count108
\scratchcounter=\count109
\scratchtoks=\toks27
\scratchdimen=\dimen130
\scratchskip=\skip56
\scratchmuskip=\muskip11
\scratchbox=\box29
\scratchread=\read1
\scratchwrite=\write3
\zeropoint=\dimen131
\minusone=\count110
\thousandpoint=\dimen132
\emptytoks=\toks28
\nextbox=\box30
\nextdepth=\dimen133
\everyline=\toks29
\!!counta=\count111
\!!countb=\count112
\recursecounter=\count113
)
loading : Context Support Macros / PDF
\nofMPsegments=\count114
\nofMParguments=\count115
\everyMPtoPDFconversion=\toks30
)

LaTeX Warning: No \author given.


LaTeX Warning: No \author given.


LaTeX Warning: Citation `Nassif00' on page 1 undefined on input line 446.


LaTeX Warning: Citation `Friedberg05' on page 1 undefined on input line 461.


LaTeX Warning: Citation `Chang05' on page 1 undefined on input line 465.


LaTeX Warning: Citation `Zhang06' on page 1 undefined on input line 465.


LaTeX Warning: Citation `Bhardwaj06' on page 1 undefined on input line 466.


LaTeX Warning: Citation `Heloue07' on page 1 undefined on input line 466.

Missing character: There is no ^^a1 in font ptmr7t!
Missing character: There is no ^^b0 in font ptmr7t!
Missing character: There is no ^^a1 in font ptmr7t!
Missing character: There is no ^^b1 in font ptmr7t!
LaTeX Font Info:    External font `cmex10' loaded for size
(Font)              <10> on input line 484.
LaTeX Font Info:    External font `cmex10' loaded for size
(Font)              <7> on input line 484.
LaTeX Font Info:    External font `cmex10' loaded for size
(Font)              <5> on input line 484.
LaTeX Font Info:    Try loading font information for U+msa on input line 484.
(/usr/share/texmf/tex/latex/amsfonts/umsa.fd
File: umsa.fd 2002/01/19 v2.2g AMS font definitions
)
LaTeX Font Info:    Try loading font information for U+msb on input line 484.

(/usr/share/texmf/tex/latex/amsfonts/umsb.fd
File: umsb.fd 2002/01/19 v2.2g AMS font definitions
)

LaTeX Warning: Reference `sc:formulation' on page 1 undefined on input line 490
.


LaTeX Warning: Citation `Pitchumani05' on page 1 undefined on input line 494.

[1{/usr/share/texmf/dvips/config/pdftex.map}


]

LaTeX Warning: Citation `Xiong07' on page 2 undefined on input line 514.


LaTeX Warning: Citation `Fu08' on page 2 undefined on input line 514.


LaTeX Warning: Citation `Schabenberger05' on page 2 undefined on input line 520
.

LaTeX Font Info:    Try loading font information for OMS+ptm on input line 522.

(/usr/share/texmf/tex/latex/psnfss/omsptm.fd
File: omsptm.fd 
)
LaTeX Font Info:    Font shape `OMS/ptm/m/n' in size <10> not available
(Font)              Font shape `OMS/cmsy/m/n' tried instead on input line 522.

Overfull \hbox (48.12814pt too wide) detected at line 536
/cmmi10/C/cmr10/(/cmbx10/s[]/cmmi10/; /cmbx10/s[]/cmr10/) = [](/cmmi10/Z/cmr10/
(/cmbx10/s[]/cmr10/)/cmmi10/; Z/cmr10/(/cmbx10/s[]/cmr10/)) = E[(/cmmi10/Z/cmr1
0/(/cmbx10/s[]/cmr10/) /cmsy10/^^@ /cmr10/E[/cmmi10/Z/cmr10/(/cmbx10/s[]/cmr10/
)])(/cmmi10/Z/cmr10/(/cmbx10/s[]/cmr10/) /cmsy10/^^@ /cmr10/E[/cmmi10/Z/cmr10/(
/cmbx10/s[]/cmr10/)])]
 []

Missing character: There is no ^^a1 in font ptmr7t!
Missing character: There is no ^^af in font ptmr7t!

LaTeX Warning: Reference `fig:aniso_data' on page 2 undefined on input line 555
.

<aniso_data.png, id=28, 411.136pt x 308.352pt>
File: aniso_data.png Graphic file (type png)
 <use aniso_data.png>
Overfull \hbox (6.0pt too wide) in paragraph at lines 558--559
 [][] 
 []


Underfull \hbox (badness 2197) in paragraph at lines 572--574
[]/ptmr7t/monotonicity: cor-re-la-tions are mono-tonic de-creas-ing
 []


LaTeX Warning: Citation `Diggle07' on page 2 undefined on input line 585.


LaTeX Warning: Citation `tbl' on page 2 undefined on input line 589.

[2 <./aniso_data.png>]

LaTeX Warning: Reference `sct:MLE' on page 3 undefined on input line 616.

Missing character: There is no ^^a1 in font ptmr7t!
Missing character: There is no ^^b0 in font ptmr7t!
Missing character: There is no ^^a1 in font ptmr7t!
Missing character: There is no ^^b1 in font ptmr7t!

LaTeX Warning: Citation `PGS' on page 3 undefined on input line 676.


LaTeX Warning: Reference `eqn:spline_fn' on page 3 undefined on input line 707.



LaTeX Warning: Reference `eqn:B-interp' on page 3 undefined on input line 715.

[3]

LaTeX Warning: Reference `fig:b-spline' on page 4 undefined on input line 728.

<b-spline.png, id=47, 411.136pt x 308.352pt>
File: b-spline.png Graphic file (type png)
 <use b-spline.png>

LaTeX Warning: Reference `exp2da' on page 4 undefined on input line 736.


! LaTeX Error: File `exp2da' not found.

See the LaTeX manual or LaTeX Companion for explanation.
Type  H <return>  for immediate help.
 ...                                              
                                                  
l.739 ...ludegraphics[width=0.5\textwidth]{exp2da}
                                                  
? 
No file nonpar.bbl.

** Conference Paper **
Before submitting the final camera ready copy, remember to:

 1. Manually equalize the lengths of two columns on the last page
 of your paper;

 2. Ensure that any PostScript and/or PDF output post-processing
 uses only Type 1 fonts and that every step in the generation
 process uses the appropriate paper size.

[4

 <./b-spline.png>] (./nonpar.aux)

LaTeX Warning: There were undefined references.


LaTeX Warning: Label(s) may have changed. Rerun to get cross-references right.

 ) 
Here is how much of TeX's memory you used:
 2840 strings out of 95437
 38433 string characters out of 1188002
 92386 words of memory out of 1000001
 5815 multiletter control sequences out of 10000+50000
 36286 words of font info for 72 fonts, out of 500000 for 1000
 17 hyphenation exceptions out of 1000
 27i,8n,26p,746b,381s stack positions out of 1500i,500n,5000p,200000b,5000s
 50 PDF objects out of 300000
 0 named destinations out of 131072
 10 words of extra memory for PDF output out of 65536
{/usr/share/texmf/dvips/tetex/bbad153f.enc}</usr/share/texmf/fonts/type1/blue
sky/cm/cmsy7.pfb></usr/share/texmf/fonts/type1/bluesky/symbols/msbm10.pfb>{/usr
/share/texmf/dvips/tetex/f7b6d320.enc}</usr/share/texmf/fonts/type1/bluesky/cm/
cmbx10.pfb></usr/share/texmf/fonts/type1/bluesky/cm/cmsy10.pfb></usr/share/texm
f/fonts/type1/bluesky/cm/cmr7.pfb>{/usr/share/texmf/dvips/tetex/aae443f0.enc}</
usr/share/texmf/fonts/type1/bluesky/cm/cmmi7.pfb></usr/share/texmf/fonts/type1/
bluesky/cm/cmex10.pfb></usr/share/texmf/fonts/type1/bluesky/cm/cmr10.pfb></usr/
share/texmf/fonts/type1/bluesky/cm/cmmi10.pfb>{/usr/share/texmf/dvips/psnfss/8r
.enc}
Output written on nonpar.pdf (4 pages, 86497 bytes).
