This is pdfTeX, Version 3.14159-1.10b (Web2C 7.4.5) (format=pdflatex 2006.1.9)  30 JAN 2007 15:51
**ConvexFittingCN.tex
(./ConvexFittingCN.tex{/usr/share/texmf/pdftex/config/pdftex.cfg}
LaTeX2e <2001/06/01>
Babel <v3.7h> and hyphenation patterns for american, french, german, ngerman, n
ohyphenation, loaded.

! LaTeX Error: File `beamer.cls' not found.

Type X to quit or <RETURN> to proceed,
or enter new name. (Default extension: cls)

Enter file name: 
! Undefined control sequence.
<recently read> \usecolortheme 
                               
l.3 \usecolortheme
                  {whale}      % Outer color themes: whale, seahorse, dolphin
? 
! Emergency stop.
<recently read> \usecolortheme 
                               
l.3 \usecolortheme
                  {whale}      % Outer color themes: whale, seahorse, dolphin
End of file on the terminal!

 
Here is how much of TeX's memory you used:
 11 strings out of 95437
 150 string characters out of 1188002
 44508 words of memory out of 1000001
 3107 multiletter control sequences out of 10000+50000
 3640 words of font info for 14 fonts, out of 500000 for 1000
 14 hyphenation exceptions out of 1000
 10i,0n,7p,111b,7s stack positions out of 1500i,500n,5000p,200000b,5000s
 0 PDF objects out of 300000
 0 named destinations out of 131072
 0 words of extra memory for PDF output out of 65536
No pages of output.
