4
20
-0.3339538695016875 -0.1954982263750023 -0.9220928676272678 -0.8418100072773244 
0.4379601293360554 -0.212649309789312 -0.8734822242942754 -0.8418100072773247 
0.0666192717100821 0.3145925050172297 -0.9468861750093317 -0.8481594490223378 
-0.8418779219253002 -0.08921559104581779 -0.5322425602007825 -0.8481594490223376 
-0.5020188996851767 0.8051120610436588 -0.3158664172097381 -0.8481594490223382 
-0.0666192717100821 -0.3145925050172296 0.9468861750093316 -0.8481594490223376 
0.572786153147632 0.7812310702298985 -0.248181461172637 -0.848159449022337 
0.3339538695016874 0.1954982263750023 0.9220928676272679 -0.8418100072773245 
0.0212543087423658 0.9996585965062239 0.01519686780526946 -0.8418100072773244 
0.6177640003588341 0.681896715027865 0.3916433452707417 -0.8418100072773239 
-0.6177640003588339 -0.6818967150278649 -0.3916433452707416 -0.8418100072773237 
-0.572786153147632 -0.7812310702298985 0.248181461172637 -0.848159449022337 
0.8418779219253002 0.0892155910458178 0.5322425602007825 -0.8481594490223376 
0.8971931848383113 -0.1278558458675058 -0.4227260008057137 -0.8481594490223379 
-0.8971931848383115 0.1278558458675055 0.4227260008057137 -0.8481594490223381 
-0.4379601293360553 0.2126493097893119 0.8734822242942755 -0.8418100072773247 
-0.6312190861524801 0.7096477509361027 0.3129896721429625 -0.8418100072773251 
-0.0212543087423658 -0.9996585965062239 -0.01519686780526946 -0.8418100072773244 
0.6312190861524802 -0.7096477509361023 -0.3129896721429627 -0.841810007277325 
0.5020188996851767 -0.8051120610436588 0.315866417209738 -0.8481594490223381 
